2020-05-25 06:20:34,228 werkzeug  * Running on http://0.0.0.0:8080/ (Press CTRL+C to quit)
2020-05-25 06:20:34,420 werkzeug 172.18.0.1 - - [25/May/2020 06:20:34] "[33mGET / HTTP/1.1[0m" 404 -
2020-05-25 06:20:39,023 root Request: {'meta': {'locale': 'ru-RU', 'timezone': 'Europe/Moscow', 'client_id': 'ru.yandex.mobile/3100 (Apple iPhone; iphone 13.4.1)', 'interfaces': {'screen': {}, 'payments': {}, 'account_linking': {}}}, 'session': {'message_id': 2, 'session_id': '23e17db2-9804-47e9-92fe-e2c0b362246f', 'skill_id': '89bfd29f-f269-440c-9bb5-8a16ee77cbce', 'user_id': '3D9D48A5529C8EF76797F9F60B4D66DCA62C8674A5E2A2147CE9F84B9295DEA1', 'user': {'user_id': '9AB40E2B9237C61EDE3A0703760C65B26FD174AB0F4A1FF797669ED006442358'}, 'application': {'application_id': '3D9D48A5529C8EF76797F9F60B4D66DCA62C8674A5E2A2147CE9F84B9295DEA1'}, 'new': False}, 'request': {'command': 'меню', 'original_utterance': 'Меню', 'nlu': {'tokens': ['меню'], 'entities': [], 'intents': {}}, 'markup': {'dangerous_context': False}, 'type': 'SimpleUtterance'}, 'state': {'session': {}, 'user': {'nick': 'bob#4664'}}, 'version': '1.0'}
2020-05-25 06:20:39,023 root 

2020-05-25 06:20:39,023 main Exception on /post [POST]
Traceback (most recent call last):
  File "/opt/virtualenvs/python3/lib/python3.8/site-packages/flask/app.py", line 2447, in wsgi_app
    response = self.full_dispatch_request()
  File "/opt/virtualenvs/python3/lib/python3.8/site-packages/flask/app.py", line 1952, in full_dispatch_request
    rv = self.handle_user_exception(e)
  File "/opt/virtualenvs/python3/lib/python3.8/site-packages/flask/app.py", line 1821, in handle_user_exception
    reraise(exc_type, exc_value, tb)
  File "/opt/virtualenvs/python3/lib/python3.8/site-packages/flask/_compat.py", line 39, in reraise
    raise value
  File "/opt/virtualenvs/python3/lib/python3.8/site-packages/flask/app.py", line 1950, in full_dispatch_request
    rv = self.dispatch_request()
  File "/opt/virtualenvs/python3/lib/python3.8/site-packages/flask/app.py", line 1936, in dispatch_request
    return self.view_functions[rule.endpoint](**req.view_args)
  File "main.py", line 130, in main
    handle_dialog(request.json, response)
  File "main.py", line 172, in handle_dialog
    if sessionStorage[user_id]['nick'] is None:
KeyError: '3D9D48A5529C8EF76797F9F60B4D66DCA62C8674A5E2A2147CE9F84B9295DEA1'
2020-05-25 06:20:39,025 werkzeug 172.18.0.1 - - [25/May/2020 06:20:39] "[35m[1mPOST /post HTTP/1.1[0m" 500 -
2020-05-25 06:20:46,742 root Request: {'meta': {'locale': 'ru-RU', 'timezone': 'Europe/Moscow', 'client_id': 'ru.yandex.mobile/3100 (Apple iPhone; iphone 13.4.1)', 'interfaces': {'screen': {}, 'payments': {}, 'account_linking': {}}}, 'session': {'message_id': 0, 'session_id': 'd27ce4fe-a6f8-43f7-87b3-1e0ffb1cd021', 'skill_id': '89bfd29f-f269-440c-9bb5-8a16ee77cbce', 'user_id': '3D9D48A5529C8EF76797F9F60B4D66DCA62C8674A5E2A2147CE9F84B9295DEA1', 'user': {'user_id': '9AB40E2B9237C61EDE3A0703760C65B26FD174AB0F4A1FF797669ED006442358'}, 'application': {'application_id': '3D9D48A5529C8EF76797F9F60B4D66DCA62C8674A5E2A2147CE9F84B9295DEA1'}, 'new': True}, 'request': {'command': '', 'original_utterance': '', 'nlu': {'tokens': [], 'entities': [], 'intents': {}}, 'markup': {'dangerous_context': False}, 'type': 'SimpleUtterance'}, 'state': {'session': {}, 'user': {'nick': 'bob#4664'}}, 'version': '1.0'}
2020-05-25 06:20:46,742 root 

2020-05-25 06:20:46,744 root Response: {'meta': {'locale': 'ru-RU', 'timezone': 'Europe/Moscow', 'client_id': 'ru.yandex.mobile/3100 (Apple iPhone; iphone 13.4.1)', 'interfaces': {'screen': {}, 'payments': {}, 'account_linking': {}}}, 'session': {'message_id': 0, 'session_id': 'd27ce4fe-a6f8-43f7-87b3-1e0ffb1cd021', 'skill_id': '89bfd29f-f269-440c-9bb5-8a16ee77cbce', 'user_id': '3D9D48A5529C8EF76797F9F60B4D66DCA62C8674A5E2A2147CE9F84B9295DEA1', 'user': {'user_id': '9AB40E2B9237C61EDE3A0703760C65B26FD174AB0F4A1FF797669ED006442358'}, 'application': {'application_id': '3D9D48A5529C8EF76797F9F60B4D66DCA62C8674A5E2A2147CE9F84B9295DEA1'}, 'new': True}, 'request': {'command': '', 'original_utterance': '', 'nlu': {'tokens': [], 'entities': [], 'intents': {}}, 'markup': {'dangerous_context': False}, 'type': 'SimpleUtterance'}, 'state': {'session': {}, 'user': {'nick': 'bob#4664'}}, 'version': '1.0'}
2020-05-25 06:20:46,744 root 


2020-05-25 06:20:46,745 werkzeug 172.18.0.1 - - [25/May/2020 06:20:46] "[37mPOST /post HTTP/1.1[0m" 200 -
2020-05-25 06:20:49,279 root Request: {'meta': {'locale': 'ru-RU', 'timezone': 'Europe/Moscow', 'client_id': 'ru.yandex.mobile/3100 (Apple iPhone; iphone 13.4.1)', 'interfaces': {'screen': {}, 'payments': {}, 'account_linking': {}}}, 'session': {'message_id': 1, 'session_id': 'd27ce4fe-a6f8-43f7-87b3-1e0ffb1cd021', 'skill_id': '89bfd29f-f269-440c-9bb5-8a16ee77cbce', 'user_id': '3D9D48A5529C8EF76797F9F60B4D66DCA62C8674A5E2A2147CE9F84B9295DEA1', 'user': {'user_id': '9AB40E2B9237C61EDE3A0703760C65B26FD174AB0F4A1FF797669ED006442358'}, 'application': {'application_id': '3D9D48A5529C8EF76797F9F60B4D66DCA62C8674A5E2A2147CE9F84B9295DEA1'}, 'new': False}, 'request': {'command': 'картины', 'original_utterance': 'Картины 🌄', 'nlu': {'tokens': ['картины'], 'entities': [], 'intents': {}}, 'markup': {'dangerous_context': False}, 'type': 'SimpleUtterance'}, 'state': {'session': {}, 'user': {'nick': 'bob#4664'}}, 'version': '1.0'}
2020-05-25 06:20:49,280 root 

2020-05-25 06:20:49,280 root Response: {'meta': {'locale': 'ru-RU', 'timezone': 'Europe/Moscow', 'client_id': 'ru.yandex.mobile/3100 (Apple iPhone; iphone 13.4.1)', 'interfaces': {'screen': {}, 'payments': {}, 'account_linking': {}}}, 'session': {'message_id': 1, 'session_id': 'd27ce4fe-a6f8-43f7-87b3-1e0ffb1cd021', 'skill_id': '89bfd29f-f269-440c-9bb5-8a16ee77cbce', 'user_id': '3D9D48A5529C8EF76797F9F60B4D66DCA62C8674A5E2A2147CE9F84B9295DEA1', 'user': {'user_id': '9AB40E2B9237C61EDE3A0703760C65B26FD174AB0F4A1FF797669ED006442358'}, 'application': {'application_id': '3D9D48A5529C8EF76797F9F60B4D66DCA62C8674A5E2A2147CE9F84B9295DEA1'}, 'new': False}, 'request': {'command': 'картины', 'original_utterance': 'Картины 🌄', 'nlu': {'tokens': ['картины'], 'entities': [], 'intents': {}}, 'markup': {'dangerous_context': False}, 'type': 'SimpleUtterance'}, 'state': {'session': {}, 'user': {'nick': 'bob#4664'}}, 'version': '1.0'}
2020-05-25 06:20:49,280 root 


2020-05-25 06:20:49,280 werkzeug 172.18.0.1 - - [25/May/2020 06:20:49] "[37mPOST /post HTTP/1.1[0m" 200 -
2020-05-25 06:22:21,221 werkzeug  * Running on http://0.0.0.0:8080/ (Press CTRL+C to quit)
2020-05-25 06:22:21,416 werkzeug 172.18.0.1 - - [25/May/2020 06:22:21] "[33mGET / HTTP/1.1[0m" 404 -
2020-05-25 06:22:24,339 werkzeug  * Running on http://0.0.0.0:8080/ (Press CTRL+C to quit)
2020-05-25 06:22:24,523 werkzeug 172.18.0.1 - - [25/May/2020 06:22:24] "[33mGET / HTTP/1.1[0m" 404 -
2020-05-25 06:24:42,565 root REQUEST: {'meta': {'locale': 'ru-RU', 'timezone': 'UTC', 'client_id': 'ru.yandex.searchplugin/7.16 (none none; android 4.4.2)', 'interfaces': {'screen': {}, 'payments': {}, 'account_linking': {}}}, 'session': {'message_id': 0, 'session_id': '14311038-4629-4dc2-a1f2-8fdebe220364', 'skill_id': '89bfd29f-f269-440c-9bb5-8a16ee77cbce', 'user_id': '6ECCB8E47BAE706314842D45064281FD48A47E42C205C6F6072ED24FA2955415', 'application': {'application_id': '6ECCB8E47BAE706314842D45064281FD48A47E42C205C6F6072ED24FA2955415'}, 'new': True}, 'request': {'command': 'ping', 'original_utterance': 'ping', 'nlu': {'tokens': [], 'entities': [], 'intents': {}}, 'markup': {'dangerous_context': False}, 'type': 'SimpleUtterance'}, 'version': '1.0'}
2020-05-25 06:24:42,565 root 

2020-05-25 06:24:42,567 root RESPONSE: {'meta': {'locale': 'ru-RU', 'timezone': 'UTC', 'client_id': 'ru.yandex.searchplugin/7.16 (none none; android 4.4.2)', 'interfaces': {'screen': {}, 'payments': {}, 'account_linking': {}}}, 'session': {'message_id': 0, 'session_id': '14311038-4629-4dc2-a1f2-8fdebe220364', 'skill_id': '89bfd29f-f269-440c-9bb5-8a16ee77cbce', 'user_id': '6ECCB8E47BAE706314842D45064281FD48A47E42C205C6F6072ED24FA2955415', 'application': {'application_id': '6ECCB8E47BAE706314842D45064281FD48A47E42C205C6F6072ED24FA2955415'}, 'new': True}, 'request': {'command': 'ping', 'original_utterance': 'ping', 'nlu': {'tokens': [], 'entities': [], 'intents': {}}, 'markup': {'dangerous_context': False}, 'type': 'SimpleUtterance'}, 'version': '1.0'}
2020-05-25 06:24:42,568 root 


2020-05-25 06:24:42,568 werkzeug 172.18.0.1 - - [25/May/2020 06:24:42] "[37mPOST /post HTTP/1.1[0m" 200 -
2020-05-25 06:25:34,716 root REQUEST: {'meta': {'locale': 'ru-RU', 'timezone': 'UTC', 'client_id': 'ru.yandex.searchplugin/7.16 (none none; android 4.4.2)', 'interfaces': {'screen': {}, 'payments': {}, 'account_linking': {}}}, 'session': {'message_id': 0, 'session_id': '1d31602a-6118-46db-87fe-81328acdac7a', 'skill_id': '89bfd29f-f269-440c-9bb5-8a16ee77cbce', 'user_id': '6ECCB8E47BAE706314842D45064281FD48A47E42C205C6F6072ED24FA2955415', 'application': {'application_id': '6ECCB8E47BAE706314842D45064281FD48A47E42C205C6F6072ED24FA2955415'}, 'new': True}, 'request': {'command': 'ping', 'original_utterance': 'ping', 'nlu': {'tokens': [], 'entities': [], 'intents': {}}, 'markup': {'dangerous_context': False}, 'type': 'SimpleUtterance'}, 'version': '1.0'}
2020-05-25 06:25:34,716 root 

2020-05-25 06:25:34,719 root RESPONSE: {'meta': {'locale': 'ru-RU', 'timezone': 'UTC', 'client_id': 'ru.yandex.searchplugin/7.16 (none none; android 4.4.2)', 'interfaces': {'screen': {}, 'payments': {}, 'account_linking': {}}}, 'session': {'message_id': 0, 'session_id': '1d31602a-6118-46db-87fe-81328acdac7a', 'skill_id': '89bfd29f-f269-440c-9bb5-8a16ee77cbce', 'user_id': '6ECCB8E47BAE706314842D45064281FD48A47E42C205C6F6072ED24FA2955415', 'application': {'application_id': '6ECCB8E47BAE706314842D45064281FD48A47E42C205C6F6072ED24FA2955415'}, 'new': True}, 'request': {'command': 'ping', 'original_utterance': 'ping', 'nlu': {'tokens': [], 'entities': [], 'intents': {}}, 'markup': {'dangerous_context': False}, 'type': 'SimpleUtterance'}, 'version': '1.0'}
2020-05-25 06:25:34,719 root 


2020-05-25 06:25:34,720 werkzeug 172.18.0.1 - - [25/May/2020 06:25:34] "[37mPOST /post HTTP/1.1[0m" 200 -
2020-05-25 06:26:32,200 werkzeug 172.18.0.1 - - [25/May/2020 06:26:32] "[31m[1mGET /post HTTP/1.1[0m" 405 -
2020-05-25 06:26:32,528 root REQUEST: {'meta': {'locale': 'ru-RU', 'timezone': 'UTC', 'client_id': 'ru.yandex.searchplugin/7.16 (none none; android 4.4.2)', 'interfaces': {'screen': {}, 'payments': {}, 'account_linking': {}}}, 'session': {'message_id': 0, 'session_id': '599fc126-1a06-4a32-aa19-5db08ec82431', 'skill_id': '89bfd29f-f269-440c-9bb5-8a16ee77cbce', 'user_id': '6ECCB8E47BAE706314842D45064281FD48A47E42C205C6F6072ED24FA2955415', 'application': {'application_id': '6ECCB8E47BAE706314842D45064281FD48A47E42C205C6F6072ED24FA2955415'}, 'new': True}, 'request': {'command': 'ping', 'original_utterance': 'ping', 'nlu': {'tokens': [], 'entities': [], 'intents': {}}, 'markup': {'dangerous_context': False}, 'type': 'SimpleUtterance'}, 'version': '1.0'}
2020-05-25 06:26:32,528 root 

2020-05-25 06:26:32,530 root RESPONSE: {'meta': {'locale': 'ru-RU', 'timezone': 'UTC', 'client_id': 'ru.yandex.searchplugin/7.16 (none none; android 4.4.2)', 'interfaces': {'screen': {}, 'payments': {}, 'account_linking': {}}}, 'session': {'message_id': 0, 'session_id': '599fc126-1a06-4a32-aa19-5db08ec82431', 'skill_id': '89bfd29f-f269-440c-9bb5-8a16ee77cbce', 'user_id': '6ECCB8E47BAE706314842D45064281FD48A47E42C205C6F6072ED24FA2955415', 'application': {'application_id': '6ECCB8E47BAE706314842D45064281FD48A47E42C205C6F6072ED24FA2955415'}, 'new': True}, 'request': {'command': 'ping', 'original_utterance': 'ping', 'nlu': {'tokens': [], 'entities': [], 'intents': {}}, 'markup': {'dangerous_context': False}, 'type': 'SimpleUtterance'}, 'version': '1.0'}
2020-05-25 06:26:32,530 root 


2020-05-25 06:26:32,530 werkzeug 172.18.0.1 - - [25/May/2020 06:26:32] "[37mPOST /post HTTP/1.1[0m" 200 -
2020-05-25 06:27:31,928 root REQUEST: {'meta': {'locale': 'ru-RU', 'timezone': 'UTC', 'client_id': 'ru.yandex.searchplugin/7.16 (none none; android 4.4.2)', 'interfaces': {'screen': {}, 'payments': {}, 'account_linking': {}}}, 'session': {'message_id': 0, 'session_id': '8e7985d7-d813-4926-b69d-2d14ad997e72', 'skill_id': '89bfd29f-f269-440c-9bb5-8a16ee77cbce', 'user_id': '6ECCB8E47BAE706314842D45064281FD48A47E42C205C6F6072ED24FA2955415', 'application': {'application_id': '6ECCB8E47BAE706314842D45064281FD48A47E42C205C6F6072ED24FA2955415'}, 'new': True}, 'request': {'command': 'ping', 'original_utterance': 'ping', 'nlu': {'tokens': [], 'entities': [], 'intents': {}}, 'markup': {'dangerous_context': False}, 'type': 'SimpleUtterance'}, 'version': '1.0'}
2020-05-25 06:27:31,928 root 

2020-05-25 06:27:31,931 root RESPONSE: {'meta': {'locale': 'ru-RU', 'timezone': 'UTC', 'client_id': 'ru.yandex.searchplugin/7.16 (none none; android 4.4.2)', 'interfaces': {'screen': {}, 'payments': {}, 'account_linking': {}}}, 'session': {'message_id': 0, 'session_id': '8e7985d7-d813-4926-b69d-2d14ad997e72', 'skill_id': '89bfd29f-f269-440c-9bb5-8a16ee77cbce', 'user_id': '6ECCB8E47BAE706314842D45064281FD48A47E42C205C6F6072ED24FA2955415', 'application': {'application_id': '6ECCB8E47BAE706314842D45064281FD48A47E42C205C6F6072ED24FA2955415'}, 'new': True}, 'request': {'command': 'ping', 'original_utterance': 'ping', 'nlu': {'tokens': [], 'entities': [], 'intents': {}}, 'markup': {'dangerous_context': False}, 'type': 'SimpleUtterance'}, 'version': '1.0'}
2020-05-25 06:27:31,931 root 


2020-05-25 06:27:31,931 werkzeug 172.18.0.1 - - [25/May/2020 06:27:31] "[37mPOST /post HTTP/1.1[0m" 200 -
2020-05-25 06:28:33,189 root REQUEST: {'meta': {'locale': 'ru-RU', 'timezone': 'UTC', 'client_id': 'ru.yandex.searchplugin/7.16 (none none; android 4.4.2)', 'interfaces': {'screen': {}, 'payments': {}, 'account_linking': {}}}, 'session': {'message_id': 0, 'session_id': '27bb4433-5f20-4a3b-9cdd-896a55ebf60b', 'skill_id': '89bfd29f-f269-440c-9bb5-8a16ee77cbce', 'user_id': '6ECCB8E47BAE706314842D45064281FD48A47E42C205C6F6072ED24FA2955415', 'application': {'application_id': '6ECCB8E47BAE706314842D45064281FD48A47E42C205C6F6072ED24FA2955415'}, 'new': True}, 'request': {'command': 'ping', 'original_utterance': 'ping', 'nlu': {'tokens': [], 'entities': [], 'intents': {}}, 'markup': {'dangerous_context': False}, 'type': 'SimpleUtterance'}, 'version': '1.0'}
2020-05-25 06:28:33,189 root 

2020-05-25 06:28:33,192 root RESPONSE: {'meta': {'locale': 'ru-RU', 'timezone': 'UTC', 'client_id': 'ru.yandex.searchplugin/7.16 (none none; android 4.4.2)', 'interfaces': {'screen': {}, 'payments': {}, 'account_linking': {}}}, 'session': {'message_id': 0, 'session_id': '27bb4433-5f20-4a3b-9cdd-896a55ebf60b', 'skill_id': '89bfd29f-f269-440c-9bb5-8a16ee77cbce', 'user_id': '6ECCB8E47BAE706314842D45064281FD48A47E42C205C6F6072ED24FA2955415', 'application': {'application_id': '6ECCB8E47BAE706314842D45064281FD48A47E42C205C6F6072ED24FA2955415'}, 'new': True}, 'request': {'command': 'ping', 'original_utterance': 'ping', 'nlu': {'tokens': [], 'entities': [], 'intents': {}}, 'markup': {'dangerous_context': False}, 'type': 'SimpleUtterance'}, 'version': '1.0'}
2020-05-25 06:28:33,192 root 


2020-05-25 06:28:33,193 werkzeug 172.18.0.1 - - [25/May/2020 06:28:33] "[37mPOST /post HTTP/1.1[0m" 200 -
2020-05-25 06:28:52,748 werkzeug 172.18.0.1 - - [25/May/2020 06:28:52] "[33mGET /favicon.ico HTTP/1.1[0m" 404 -
2020-05-25 06:28:54,270 werkzeug 172.18.0.1 - - [25/May/2020 06:28:54] "[33mGET /favicon.ico HTTP/1.1[0m" 404 -
2020-05-25 06:28:55,240 werkzeug 172.18.0.1 - - [25/May/2020 06:28:55] "[37mGET /records HTTP/1.1[0m" 200 -
2020-05-25 06:28:55,463 werkzeug 172.18.0.1 - - [25/May/2020 06:28:55] "[33mGET /static/css/style.css HTTP/1.1[0m" 404 -
2020-05-25 06:29:01,306 root REQUEST: {'meta': {'locale': 'ru-RU', 'timezone': 'Europe/Moscow', 'client_id': 'ru.yandex.mobile/3100 (Apple iPhone; iphone 13.4.1)', 'interfaces': {'screen': {}, 'payments': {}, 'account_linking': {}}}, 'session': {'message_id': 0, 'session_id': '6f95d7b1-1f29-475b-ad26-49ba69c654f1', 'skill_id': '89bfd29f-f269-440c-9bb5-8a16ee77cbce', 'user_id': '3D9D48A5529C8EF76797F9F60B4D66DCA62C8674A5E2A2147CE9F84B9295DEA1', 'user': {'user_id': '9AB40E2B9237C61EDE3A0703760C65B26FD174AB0F4A1FF797669ED006442358'}, 'application': {'application_id': '3D9D48A5529C8EF76797F9F60B4D66DCA62C8674A5E2A2147CE9F84B9295DEA1'}, 'new': True}, 'request': {'command': '', 'original_utterance': '', 'nlu': {'tokens': [], 'entities': [], 'intents': {}}, 'markup': {'dangerous_context': False}, 'type': 'SimpleUtterance'}, 'state': {'session': {}, 'user': {'nick': 'bob#4664'}}, 'version': '1.0'}
2020-05-25 06:29:01,306 root 

2020-05-25 06:29:01,309 root RESPONSE: {'meta': {'locale': 'ru-RU', 'timezone': 'Europe/Moscow', 'client_id': 'ru.yandex.mobile/3100 (Apple iPhone; iphone 13.4.1)', 'interfaces': {'screen': {}, 'payments': {}, 'account_linking': {}}}, 'session': {'message_id': 0, 'session_id': '6f95d7b1-1f29-475b-ad26-49ba69c654f1', 'skill_id': '89bfd29f-f269-440c-9bb5-8a16ee77cbce', 'user_id': '3D9D48A5529C8EF76797F9F60B4D66DCA62C8674A5E2A2147CE9F84B9295DEA1', 'user': {'user_id': '9AB40E2B9237C61EDE3A0703760C65B26FD174AB0F4A1FF797669ED006442358'}, 'application': {'application_id': '3D9D48A5529C8EF76797F9F60B4D66DCA62C8674A5E2A2147CE9F84B9295DEA1'}, 'new': True}, 'request': {'command': '', 'original_utterance': '', 'nlu': {'tokens': [], 'entities': [], 'intents': {}}, 'markup': {'dangerous_context': False}, 'type': 'SimpleUtterance'}, 'state': {'session': {}, 'user': {'nick': 'bob#4664'}}, 'version': '1.0'}
2020-05-25 06:29:01,309 root 


2020-05-25 06:29:01,309 werkzeug 172.18.0.1 - - [25/May/2020 06:29:01] "[37mPOST /post HTTP/1.1[0m" 200 -
2020-05-25 06:29:03,895 root REQUEST: {'meta': {'locale': 'ru-RU', 'timezone': 'Europe/Moscow', 'client_id': 'ru.yandex.mobile/3100 (Apple iPhone; iphone 13.4.1)', 'interfaces': {'screen': {}, 'payments': {}, 'account_linking': {}}}, 'session': {'message_id': 1, 'session_id': '6f95d7b1-1f29-475b-ad26-49ba69c654f1', 'skill_id': '89bfd29f-f269-440c-9bb5-8a16ee77cbce', 'user_id': '3D9D48A5529C8EF76797F9F60B4D66DCA62C8674A5E2A2147CE9F84B9295DEA1', 'user': {'user_id': '9AB40E2B9237C61EDE3A0703760C65B26FD174AB0F4A1FF797669ED006442358'}, 'application': {'application_id': '3D9D48A5529C8EF76797F9F60B4D66DCA62C8674A5E2A2147CE9F84B9295DEA1'}, 'new': False}, 'request': {'command': 'даты', 'original_utterance': 'Даты 🕰', 'nlu': {'tokens': ['даты'], 'entities': [], 'intents': {}}, 'markup': {'dangerous_context': False}, 'type': 'SimpleUtterance'}, 'state': {'session': {}, 'user': {'nick': 'bob#4664'}}, 'version': '1.0'}
2020-05-25 06:29:03,896 root 

2020-05-25 06:29:03,896 root RESPONSE: {'meta': {'locale': 'ru-RU', 'timezone': 'Europe/Moscow', 'client_id': 'ru.yandex.mobile/3100 (Apple iPhone; iphone 13.4.1)', 'interfaces': {'screen': {}, 'payments': {}, 'account_linking': {}}}, 'session': {'message_id': 1, 'session_id': '6f95d7b1-1f29-475b-ad26-49ba69c654f1', 'skill_id': '89bfd29f-f269-440c-9bb5-8a16ee77cbce', 'user_id': '3D9D48A5529C8EF76797F9F60B4D66DCA62C8674A5E2A2147CE9F84B9295DEA1', 'user': {'user_id': '9AB40E2B9237C61EDE3A0703760C65B26FD174AB0F4A1FF797669ED006442358'}, 'application': {'application_id': '3D9D48A5529C8EF76797F9F60B4D66DCA62C8674A5E2A2147CE9F84B9295DEA1'}, 'new': False}, 'request': {'command': 'даты', 'original_utterance': 'Даты 🕰', 'nlu': {'tokens': ['даты'], 'entities': [], 'intents': {}}, 'markup': {'dangerous_context': False}, 'type': 'SimpleUtterance'}, 'state': {'session': {}, 'user': {'nick': 'bob#4664'}}, 'version': '1.0'}
2020-05-25 06:29:03,896 root 


2020-05-25 06:29:03,897 werkzeug 172.18.0.1 - - [25/May/2020 06:29:03] "[37mPOST /post HTTP/1.1[0m" 200 -
2020-05-25 06:29:37,440 root REQUEST: {'meta': {'locale': 'ru-RU', 'timezone': 'UTC', 'client_id': 'ru.yandex.searchplugin/7.16 (none none; android 4.4.2)', 'interfaces': {'screen': {}, 'payments': {}, 'account_linking': {}}}, 'session': {'message_id': 0, 'session_id': '9dfa0280-bdf3-4848-91d0-06493b97d219', 'skill_id': '89bfd29f-f269-440c-9bb5-8a16ee77cbce', 'user_id': '6ECCB8E47BAE706314842D45064281FD48A47E42C205C6F6072ED24FA2955415', 'application': {'application_id': '6ECCB8E47BAE706314842D45064281FD48A47E42C205C6F6072ED24FA2955415'}, 'new': True}, 'request': {'command': 'ping', 'original_utterance': 'ping', 'nlu': {'tokens': [], 'entities': [], 'intents': {}}, 'markup': {'dangerous_context': False}, 'type': 'SimpleUtterance'}, 'version': '1.0'}
2020-05-25 06:29:37,440 root 

2020-05-25 06:29:37,442 root RESPONSE: {'meta': {'locale': 'ru-RU', 'timezone': 'UTC', 'client_id': 'ru.yandex.searchplugin/7.16 (none none; android 4.4.2)', 'interfaces': {'screen': {}, 'payments': {}, 'account_linking': {}}}, 'session': {'message_id': 0, 'session_id': '9dfa0280-bdf3-4848-91d0-06493b97d219', 'skill_id': '89bfd29f-f269-440c-9bb5-8a16ee77cbce', 'user_id': '6ECCB8E47BAE706314842D45064281FD48A47E42C205C6F6072ED24FA2955415', 'application': {'application_id': '6ECCB8E47BAE706314842D45064281FD48A47E42C205C6F6072ED24FA2955415'}, 'new': True}, 'request': {'command': 'ping', 'original_utterance': 'ping', 'nlu': {'tokens': [], 'entities': [], 'intents': {}}, 'markup': {'dangerous_context': False}, 'type': 'SimpleUtterance'}, 'version': '1.0'}
2020-05-25 06:29:37,443 root 


2020-05-25 06:29:37,443 werkzeug 172.18.0.1 - - [25/May/2020 06:29:37] "[37mPOST /post HTTP/1.1[0m" 200 -
2020-05-25 06:29:48,962 root REQUEST: {'meta': {'locale': 'ru-RU', 'timezone': 'Europe/Moscow', 'client_id': 'ru.yandex.mobile/3100 (Apple iPhone; iphone 13.4.1)', 'interfaces': {'screen': {}, 'payments': {}, 'account_linking': {}}}, 'session': {'message_id': 2, 'session_id': '6f95d7b1-1f29-475b-ad26-49ba69c654f1', 'skill_id': '89bfd29f-f269-440c-9bb5-8a16ee77cbce', 'user_id': '3D9D48A5529C8EF76797F9F60B4D66DCA62C8674A5E2A2147CE9F84B9295DEA1', 'user': {'user_id': '9AB40E2B9237C61EDE3A0703760C65B26FD174AB0F4A1FF797669ED006442358'}, 'application': {'application_id': '3D9D48A5529C8EF76797F9F60B4D66DCA62C8674A5E2A2147CE9F84B9295DEA1'}, 'new': False}, 'request': {'command': 'меню', 'original_utterance': 'Меню', 'nlu': {'tokens': ['меню'], 'entities': [], 'intents': {}}, 'markup': {'dangerous_context': False}, 'type': 'SimpleUtterance'}, 'state': {'session': {}, 'user': {'nick': 'bob#4664'}}, 'version': '1.0'}
2020-05-25 06:29:48,962 root 

2020-05-25 06:29:48,962 root RESPONSE: {'meta': {'locale': 'ru-RU', 'timezone': 'Europe/Moscow', 'client_id': 'ru.yandex.mobile/3100 (Apple iPhone; iphone 13.4.1)', 'interfaces': {'screen': {}, 'payments': {}, 'account_linking': {}}}, 'session': {'message_id': 2, 'session_id': '6f95d7b1-1f29-475b-ad26-49ba69c654f1', 'skill_id': '89bfd29f-f269-440c-9bb5-8a16ee77cbce', 'user_id': '3D9D48A5529C8EF76797F9F60B4D66DCA62C8674A5E2A2147CE9F84B9295DEA1', 'user': {'user_id': '9AB40E2B9237C61EDE3A0703760C65B26FD174AB0F4A1FF797669ED006442358'}, 'application': {'application_id': '3D9D48A5529C8EF76797F9F60B4D66DCA62C8674A5E2A2147CE9F84B9295DEA1'}, 'new': False}, 'request': {'command': 'меню', 'original_utterance': 'Меню', 'nlu': {'tokens': ['меню'], 'entities': [], 'intents': {}}, 'markup': {'dangerous_context': False}, 'type': 'SimpleUtterance'}, 'state': {'session': {}, 'user': {'nick': 'bob#4664'}}, 'version': '1.0'}
2020-05-25 06:29:48,962 root 


2020-05-25 06:29:48,963 werkzeug 172.18.0.1 - - [25/May/2020 06:29:48] "[37mPOST /post HTTP/1.1[0m" 200 -
2020-05-25 06:33:34,608 root REQUEST: {'meta': {'locale': 'ru-RU', 'timezone': 'UTC', 'client_id': 'ru.yandex.searchplugin/7.16 (none none; android 4.4.2)', 'interfaces': {'screen': {}, 'payments': {}, 'account_linking': {}}}, 'session': {'message_id': 0, 'session_id': 'b00dd55c-df48-4ca7-a1e7-946d28a199c6', 'skill_id': '89bfd29f-f269-440c-9bb5-8a16ee77cbce', 'user_id': '6ECCB8E47BAE706314842D45064281FD48A47E42C205C6F6072ED24FA2955415', 'application': {'application_id': '6ECCB8E47BAE706314842D45064281FD48A47E42C205C6F6072ED24FA2955415'}, 'new': True}, 'request': {'command': 'ping', 'original_utterance': 'ping', 'nlu': {'tokens': [], 'entities': [], 'intents': {}}, 'markup': {'dangerous_context': False}, 'type': 'SimpleUtterance'}, 'version': '1.0'}
2020-05-25 06:33:34,608 root 

2020-05-25 06:33:34,610 root RESPONSE: {'meta': {'locale': 'ru-RU', 'timezone': 'UTC', 'client_id': 'ru.yandex.searchplugin/7.16 (none none; android 4.4.2)', 'interfaces': {'screen': {}, 'payments': {}, 'account_linking': {}}}, 'session': {'message_id': 0, 'session_id': 'b00dd55c-df48-4ca7-a1e7-946d28a199c6', 'skill_id': '89bfd29f-f269-440c-9bb5-8a16ee77cbce', 'user_id': '6ECCB8E47BAE706314842D45064281FD48A47E42C205C6F6072ED24FA2955415', 'application': {'application_id': '6ECCB8E47BAE706314842D45064281FD48A47E42C205C6F6072ED24FA2955415'}, 'new': True}, 'request': {'command': 'ping', 'original_utterance': 'ping', 'nlu': {'tokens': [], 'entities': [], 'intents': {}}, 'markup': {'dangerous_context': False}, 'type': 'SimpleUtterance'}, 'version': '1.0'}
2020-05-25 06:33:34,610 root 


2020-05-25 06:33:34,611 werkzeug 172.18.0.1 - - [25/May/2020 06:33:34] "[37mPOST /post HTTP/1.1[0m" 200 -
2020-05-25 06:33:35,454 root REQUEST: {'meta': {'locale': 'ru-RU', 'timezone': 'UTC', 'client_id': 'ru.yandex.searchplugin/7.16 (none none; android 4.4.2)', 'interfaces': {'screen': {}, 'payments': {}, 'account_linking': {}}}, 'session': {'message_id': 0, 'session_id': 'f1759e06-b0a2-444e-90b0-d8d1d87a8117', 'skill_id': '89bfd29f-f269-440c-9bb5-8a16ee77cbce', 'user_id': '6ECCB8E47BAE706314842D45064281FD48A47E42C205C6F6072ED24FA2955415', 'application': {'application_id': '6ECCB8E47BAE706314842D45064281FD48A47E42C205C6F6072ED24FA2955415'}, 'new': True}, 'request': {'command': 'ping', 'original_utterance': 'ping', 'nlu': {'tokens': [], 'entities': [], 'intents': {}}, 'markup': {'dangerous_context': False}, 'type': 'SimpleUtterance'}, 'version': '1.0'}
2020-05-25 06:33:35,455 root 

2020-05-25 06:33:35,457 root RESPONSE: {'meta': {'locale': 'ru-RU', 'timezone': 'UTC', 'client_id': 'ru.yandex.searchplugin/7.16 (none none; android 4.4.2)', 'interfaces': {'screen': {}, 'payments': {}, 'account_linking': {}}}, 'session': {'message_id': 0, 'session_id': 'f1759e06-b0a2-444e-90b0-d8d1d87a8117', 'skill_id': '89bfd29f-f269-440c-9bb5-8a16ee77cbce', 'user_id': '6ECCB8E47BAE706314842D45064281FD48A47E42C205C6F6072ED24FA2955415', 'application': {'application_id': '6ECCB8E47BAE706314842D45064281FD48A47E42C205C6F6072ED24FA2955415'}, 'new': True}, 'request': {'command': 'ping', 'original_utterance': 'ping', 'nlu': {'tokens': [], 'entities': [], 'intents': {}}, 'markup': {'dangerous_context': False}, 'type': 'SimpleUtterance'}, 'version': '1.0'}
2020-05-25 06:33:35,457 root 


2020-05-25 06:33:35,457 werkzeug 172.18.0.1 - - [25/May/2020 06:33:35] "[37mPOST /post HTTP/1.1[0m" 200 -
2020-05-25 06:33:46,778 root REQUEST: {'meta': {'locale': 'ru-RU', 'timezone': 'UTC', 'client_id': 'ru.yandex.searchplugin/7.16 (none none; android 4.4.2)', 'interfaces': {'screen': {}, 'payments': {}, 'account_linking': {}}}, 'session': {'message_id': 0, 'session_id': '6c3b8bf3-ee5e-4028-b035-06cc9cd63c4d', 'skill_id': '89bfd29f-f269-440c-9bb5-8a16ee77cbce', 'user_id': '6ECCB8E47BAE706314842D45064281FD48A47E42C205C6F6072ED24FA2955415', 'application': {'application_id': '6ECCB8E47BAE706314842D45064281FD48A47E42C205C6F6072ED24FA2955415'}, 'new': True}, 'request': {'command': 'ping', 'original_utterance': 'ping', 'nlu': {'tokens': [], 'entities': [], 'intents': {}}, 'markup': {'dangerous_context': False}, 'type': 'SimpleUtterance'}, 'version': '1.0'}
2020-05-25 06:33:46,779 root 

2020-05-25 06:33:46,781 root RESPONSE: {'meta': {'locale': 'ru-RU', 'timezone': 'UTC', 'client_id': 'ru.yandex.searchplugin/7.16 (none none; android 4.4.2)', 'interfaces': {'screen': {}, 'payments': {}, 'account_linking': {}}}, 'session': {'message_id': 0, 'session_id': '6c3b8bf3-ee5e-4028-b035-06cc9cd63c4d', 'skill_id': '89bfd29f-f269-440c-9bb5-8a16ee77cbce', 'user_id': '6ECCB8E47BAE706314842D45064281FD48A47E42C205C6F6072ED24FA2955415', 'application': {'application_id': '6ECCB8E47BAE706314842D45064281FD48A47E42C205C6F6072ED24FA2955415'}, 'new': True}, 'request': {'command': 'ping', 'original_utterance': 'ping', 'nlu': {'tokens': [], 'entities': [], 'intents': {}}, 'markup': {'dangerous_context': False}, 'type': 'SimpleUtterance'}, 'version': '1.0'}
2020-05-25 06:33:46,781 root 


2020-05-25 06:33:46,782 werkzeug 172.18.0.1 - - [25/May/2020 06:33:46] "[37mPOST /post HTTP/1.1[0m" 200 -
2020-05-25 06:33:46,784 root REQUEST: {'meta': {'locale': 'ru-RU', 'timezone': 'UTC', 'client_id': 'ru.yandex.searchplugin/7.16 (none none; android 4.4.2)', 'interfaces': {'screen': {}, 'payments': {}, 'account_linking': {}}}, 'session': {'message_id': 0, 'session_id': 'c8827e1a-e010-4d3e-9eb4-9a4d01206d3d', 'skill_id': '89bfd29f-f269-440c-9bb5-8a16ee77cbce', 'user_id': '6ECCB8E47BAE706314842D45064281FD48A47E42C205C6F6072ED24FA2955415', 'application': {'application_id': '6ECCB8E47BAE706314842D45064281FD48A47E42C205C6F6072ED24FA2955415'}, 'new': True}, 'request': {'command': 'ping', 'original_utterance': 'ping', 'nlu': {'tokens': [], 'entities': [], 'intents': {}}, 'markup': {'dangerous_context': False}, 'type': 'SimpleUtterance'}, 'version': '1.0'}
2020-05-25 06:33:46,784 root 

2020-05-25 06:33:46,787 root RESPONSE: {'meta': {'locale': 'ru-RU', 'timezone': 'UTC', 'client_id': 'ru.yandex.searchplugin/7.16 (none none; android 4.4.2)', 'interfaces': {'screen': {}, 'payments': {}, 'account_linking': {}}}, 'session': {'message_id': 0, 'session_id': 'c8827e1a-e010-4d3e-9eb4-9a4d01206d3d', 'skill_id': '89bfd29f-f269-440c-9bb5-8a16ee77cbce', 'user_id': '6ECCB8E47BAE706314842D45064281FD48A47E42C205C6F6072ED24FA2955415', 'application': {'application_id': '6ECCB8E47BAE706314842D45064281FD48A47E42C205C6F6072ED24FA2955415'}, 'new': True}, 'request': {'command': 'ping', 'original_utterance': 'ping', 'nlu': {'tokens': [], 'entities': [], 'intents': {}}, 'markup': {'dangerous_context': False}, 'type': 'SimpleUtterance'}, 'version': '1.0'}
2020-05-25 06:33:46,787 root 


2020-05-25 06:33:46,788 werkzeug 172.18.0.1 - - [25/May/2020 06:33:46] "[37mPOST /post HTTP/1.1[0m" 200 -
2020-05-25 06:35:05,099 werkzeug  * Running on http://0.0.0.0:8080/ (Press CTRL+C to quit)
2020-05-25 06:35:05,288 werkzeug 172.18.0.1 - - [25/May/2020 06:35:05] "[33mGET / HTTP/1.1[0m" 404 -
2020-05-25 06:35:23,736 root REQUEST: {'meta': {'locale': 'ru-RU', 'timezone': 'Europe/Moscow', 'client_id': 'ru.yandex.mobile/3100 (Apple iPhone; iphone 13.4.1)', 'interfaces': {'screen': {}, 'payments': {}, 'account_linking': {}}}, 'session': {'message_id': 0, 'session_id': '35b36569-61e9-420a-b121-37b55469a337', 'skill_id': '89bfd29f-f269-440c-9bb5-8a16ee77cbce', 'user_id': '3D9D48A5529C8EF76797F9F60B4D66DCA62C8674A5E2A2147CE9F84B9295DEA1', 'user': {'user_id': '9AB40E2B9237C61EDE3A0703760C65B26FD174AB0F4A1FF797669ED006442358'}, 'application': {'application_id': '3D9D48A5529C8EF76797F9F60B4D66DCA62C8674A5E2A2147CE9F84B9295DEA1'}, 'new': True}, 'request': {'command': '', 'original_utterance': '', 'nlu': {'tokens': [], 'entities': [], 'intents': {}}, 'markup': {'dangerous_context': False}, 'type': 'SimpleUtterance'}, 'state': {'session': {}, 'user': {'nick': 'bob#4664'}}, 'version': '1.0'}
2020-05-25 06:35:23,736 root 

2020-05-25 06:35:23,739 root RESPONSE: {'meta': {'locale': 'ru-RU', 'timezone': 'Europe/Moscow', 'client_id': 'ru.yandex.mobile/3100 (Apple iPhone; iphone 13.4.1)', 'interfaces': {'screen': {}, 'payments': {}, 'account_linking': {}}}, 'session': {'message_id': 0, 'session_id': '35b36569-61e9-420a-b121-37b55469a337', 'skill_id': '89bfd29f-f269-440c-9bb5-8a16ee77cbce', 'user_id': '3D9D48A5529C8EF76797F9F60B4D66DCA62C8674A5E2A2147CE9F84B9295DEA1', 'user': {'user_id': '9AB40E2B9237C61EDE3A0703760C65B26FD174AB0F4A1FF797669ED006442358'}, 'application': {'application_id': '3D9D48A5529C8EF76797F9F60B4D66DCA62C8674A5E2A2147CE9F84B9295DEA1'}, 'new': True}, 'request': {'command': '', 'original_utterance': '', 'nlu': {'tokens': [], 'entities': [], 'intents': {}}, 'markup': {'dangerous_context': False}, 'type': 'SimpleUtterance'}, 'state': {'session': {}, 'user': {'nick': 'bob#4664'}}, 'version': '1.0'}
2020-05-25 06:35:23,739 root 


2020-05-25 06:35:23,739 werkzeug 172.18.0.1 - - [25/May/2020 06:35:23] "[37mPOST /post HTTP/1.1[0m" 200 -
2020-05-25 06:35:26,020 root REQUEST: {'meta': {'locale': 'ru-RU', 'timezone': 'Europe/Moscow', 'client_id': 'ru.yandex.mobile/3100 (Apple iPhone; iphone 13.4.1)', 'interfaces': {'screen': {}, 'payments': {}, 'account_linking': {}}}, 'session': {'message_id': 1, 'session_id': '35b36569-61e9-420a-b121-37b55469a337', 'skill_id': '89bfd29f-f269-440c-9bb5-8a16ee77cbce', 'user_id': '3D9D48A5529C8EF76797F9F60B4D66DCA62C8674A5E2A2147CE9F84B9295DEA1', 'user': {'user_id': '9AB40E2B9237C61EDE3A0703760C65B26FD174AB0F4A1FF797669ED006442358'}, 'application': {'application_id': '3D9D48A5529C8EF76797F9F60B4D66DCA62C8674A5E2A2147CE9F84B9295DEA1'}, 'new': False}, 'request': {'command': 'закрыть навык', 'original_utterance': 'Закрыть навык ❌', 'nlu': {'tokens': ['закрыть', 'навык'], 'entities': [], 'intents': {}}, 'markup': {'dangerous_context': False}, 'type': 'SimpleUtterance'}, 'state': {'session': {}, 'user': {'nick': 'bob#4664'}}, 'version': '1.0'}
2020-05-25 06:35:26,020 root 

2020-05-25 06:35:26,055 root RESPONSE: {'meta': {'locale': 'ru-RU', 'timezone': 'Europe/Moscow', 'client_id': 'ru.yandex.mobile/3100 (Apple iPhone; iphone 13.4.1)', 'interfaces': {'screen': {}, 'payments': {}, 'account_linking': {}}}, 'session': {'message_id': 1, 'session_id': '35b36569-61e9-420a-b121-37b55469a337', 'skill_id': '89bfd29f-f269-440c-9bb5-8a16ee77cbce', 'user_id': '3D9D48A5529C8EF76797F9F60B4D66DCA62C8674A5E2A2147CE9F84B9295DEA1', 'user': {'user_id': '9AB40E2B9237C61EDE3A0703760C65B26FD174AB0F4A1FF797669ED006442358'}, 'application': {'application_id': '3D9D48A5529C8EF76797F9F60B4D66DCA62C8674A5E2A2147CE9F84B9295DEA1'}, 'new': False}, 'request': {'command': 'закрыть навык', 'original_utterance': 'Закрыть навык ❌', 'nlu': {'tokens': ['закрыть', 'навык'], 'entities': [], 'intents': {}}, 'markup': {'dangerous_context': False}, 'type': 'SimpleUtterance'}, 'state': {'session': {}, 'user': {'nick': 'bob#4664'}}, 'version': '1.0'}
2020-05-25 06:35:26,056 root 


2020-05-25 06:35:26,056 werkzeug 172.18.0.1 - - [25/May/2020 06:35:26] "[37mPOST /post HTTP/1.1[0m" 200 -
2020-05-25 06:35:32,527 root REQUEST: {'meta': {'locale': 'ru-RU', 'timezone': 'UTC', 'client_id': 'ru.yandex.searchplugin/7.16 (none none; android 4.4.2)', 'interfaces': {'screen': {}, 'payments': {}, 'account_linking': {}}}, 'session': {'message_id': 0, 'session_id': '847bfb49-991b-4bad-b62e-67902849d1a6', 'skill_id': '89bfd29f-f269-440c-9bb5-8a16ee77cbce', 'user_id': '6ECCB8E47BAE706314842D45064281FD48A47E42C205C6F6072ED24FA2955415', 'application': {'application_id': '6ECCB8E47BAE706314842D45064281FD48A47E42C205C6F6072ED24FA2955415'}, 'new': True}, 'request': {'command': 'ping', 'original_utterance': 'ping', 'nlu': {'tokens': [], 'entities': [], 'intents': {}}, 'markup': {'dangerous_context': False}, 'type': 'SimpleUtterance'}, 'version': '1.0'}
2020-05-25 06:35:32,527 root 

2020-05-25 06:35:32,529 root RESPONSE: {'meta': {'locale': 'ru-RU', 'timezone': 'UTC', 'client_id': 'ru.yandex.searchplugin/7.16 (none none; android 4.4.2)', 'interfaces': {'screen': {}, 'payments': {}, 'account_linking': {}}}, 'session': {'message_id': 0, 'session_id': '847bfb49-991b-4bad-b62e-67902849d1a6', 'skill_id': '89bfd29f-f269-440c-9bb5-8a16ee77cbce', 'user_id': '6ECCB8E47BAE706314842D45064281FD48A47E42C205C6F6072ED24FA2955415', 'application': {'application_id': '6ECCB8E47BAE706314842D45064281FD48A47E42C205C6F6072ED24FA2955415'}, 'new': True}, 'request': {'command': 'ping', 'original_utterance': 'ping', 'nlu': {'tokens': [], 'entities': [], 'intents': {}}, 'markup': {'dangerous_context': False}, 'type': 'SimpleUtterance'}, 'version': '1.0'}
2020-05-25 06:35:32,529 root 


2020-05-25 06:35:32,530 werkzeug 172.18.0.1 - - [25/May/2020 06:35:32] "[37mPOST /post HTTP/1.1[0m" 200 -
2020-05-25 06:36:04,400 werkzeug  * Running on http://0.0.0.0:8080/ (Press CTRL+C to quit)
2020-05-25 06:36:04,592 werkzeug 172.18.0.1 - - [25/May/2020 06:36:04] "[33mGET / HTTP/1.1[0m" 404 -
2020-05-25 06:36:10,656 root REQUEST: {'meta': {'locale': 'ru-RU', 'timezone': 'Europe/Moscow', 'client_id': 'ru.yandex.mobile/3100 (Apple iPhone; iphone 13.4.1)', 'interfaces': {'screen': {}, 'payments': {}, 'account_linking': {}}}, 'session': {'message_id': 0, 'session_id': 'b998d1aa-e8df-475c-abe3-246e8af15ab1', 'skill_id': '89bfd29f-f269-440c-9bb5-8a16ee77cbce', 'user_id': '3D9D48A5529C8EF76797F9F60B4D66DCA62C8674A5E2A2147CE9F84B9295DEA1', 'user': {'user_id': '9AB40E2B9237C61EDE3A0703760C65B26FD174AB0F4A1FF797669ED006442358'}, 'application': {'application_id': '3D9D48A5529C8EF76797F9F60B4D66DCA62C8674A5E2A2147CE9F84B9295DEA1'}, 'new': True}, 'request': {'command': 'даты', 'original_utterance': 'Даты 🕰', 'nlu': {'tokens': ['даты'], 'entities': [], 'intents': {}}, 'markup': {'dangerous_context': False}, 'type': 'SimpleUtterance'}, 'state': {'session': {}, 'user': {'nick': 'bob#4664'}}, 'version': '1.0'}
2020-05-25 06:36:10,656 root 

2020-05-25 06:36:10,659 root RESPONSE: {'meta': {'locale': 'ru-RU', 'timezone': 'Europe/Moscow', 'client_id': 'ru.yandex.mobile/3100 (Apple iPhone; iphone 13.4.1)', 'interfaces': {'screen': {}, 'payments': {}, 'account_linking': {}}}, 'session': {'message_id': 0, 'session_id': 'b998d1aa-e8df-475c-abe3-246e8af15ab1', 'skill_id': '89bfd29f-f269-440c-9bb5-8a16ee77cbce', 'user_id': '3D9D48A5529C8EF76797F9F60B4D66DCA62C8674A5E2A2147CE9F84B9295DEA1', 'user': {'user_id': '9AB40E2B9237C61EDE3A0703760C65B26FD174AB0F4A1FF797669ED006442358'}, 'application': {'application_id': '3D9D48A5529C8EF76797F9F60B4D66DCA62C8674A5E2A2147CE9F84B9295DEA1'}, 'new': True}, 'request': {'command': 'даты', 'original_utterance': 'Даты 🕰', 'nlu': {'tokens': ['даты'], 'entities': [], 'intents': {}}, 'markup': {'dangerous_context': False}, 'type': 'SimpleUtterance'}, 'state': {'session': {}, 'user': {'nick': 'bob#4664'}}, 'version': '1.0'}
2020-05-25 06:36:10,659 root 


2020-05-25 06:36:10,659 werkzeug 172.18.0.1 - - [25/May/2020 06:36:10] "[37mPOST /post HTTP/1.1[0m" 200 -
2020-05-25 06:36:13,284 root REQUEST: {'meta': {'locale': 'ru-RU', 'timezone': 'Europe/Moscow', 'client_id': 'ru.yandex.mobile/3100 (Apple iPhone; iphone 13.4.1)', 'interfaces': {'screen': {}, 'payments': {}, 'account_linking': {}}}, 'session': {'message_id': 1, 'session_id': 'b998d1aa-e8df-475c-abe3-246e8af15ab1', 'skill_id': '89bfd29f-f269-440c-9bb5-8a16ee77cbce', 'user_id': '3D9D48A5529C8EF76797F9F60B4D66DCA62C8674A5E2A2147CE9F84B9295DEA1', 'user': {'user_id': '9AB40E2B9237C61EDE3A0703760C65B26FD174AB0F4A1FF797669ED006442358'}, 'application': {'application_id': '3D9D48A5529C8EF76797F9F60B4D66DCA62C8674A5E2A2147CE9F84B9295DEA1'}, 'new': False}, 'request': {'command': 'картины', 'original_utterance': 'Картины 🌄', 'nlu': {'tokens': ['картины'], 'entities': [], 'intents': {}}, 'markup': {'dangerous_context': False}, 'type': 'SimpleUtterance'}, 'state': {'session': {}, 'user': {'nick': 'bob#4664'}}, 'version': '1.0'}
2020-05-25 06:36:13,284 root 

2020-05-25 06:36:13,284 root RESPONSE: {'meta': {'locale': 'ru-RU', 'timezone': 'Europe/Moscow', 'client_id': 'ru.yandex.mobile/3100 (Apple iPhone; iphone 13.4.1)', 'interfaces': {'screen': {}, 'payments': {}, 'account_linking': {}}}, 'session': {'message_id': 1, 'session_id': 'b998d1aa-e8df-475c-abe3-246e8af15ab1', 'skill_id': '89bfd29f-f269-440c-9bb5-8a16ee77cbce', 'user_id': '3D9D48A5529C8EF76797F9F60B4D66DCA62C8674A5E2A2147CE9F84B9295DEA1', 'user': {'user_id': '9AB40E2B9237C61EDE3A0703760C65B26FD174AB0F4A1FF797669ED006442358'}, 'application': {'application_id': '3D9D48A5529C8EF76797F9F60B4D66DCA62C8674A5E2A2147CE9F84B9295DEA1'}, 'new': False}, 'request': {'command': 'картины', 'original_utterance': 'Картины 🌄', 'nlu': {'tokens': ['картины'], 'entities': [], 'intents': {}}, 'markup': {'dangerous_context': False}, 'type': 'SimpleUtterance'}, 'state': {'session': {}, 'user': {'nick': 'bob#4664'}}, 'version': '1.0'}
2020-05-25 06:36:13,284 root 


2020-05-25 06:36:13,285 werkzeug 172.18.0.1 - - [25/May/2020 06:36:13] "[37mPOST /post HTTP/1.1[0m" 200 -
2020-05-25 06:36:15,194 root REQUEST: {'meta': {'locale': 'ru-RU', 'timezone': 'Europe/Moscow', 'client_id': 'ru.yandex.mobile/3100 (Apple iPhone; iphone 13.4.1)', 'interfaces': {'screen': {}, 'payments': {}, 'account_linking': {}}}, 'session': {'message_id': 2, 'session_id': 'b998d1aa-e8df-475c-abe3-246e8af15ab1', 'skill_id': '89bfd29f-f269-440c-9bb5-8a16ee77cbce', 'user_id': '3D9D48A5529C8EF76797F9F60B4D66DCA62C8674A5E2A2147CE9F84B9295DEA1', 'user': {'user_id': '9AB40E2B9237C61EDE3A0703760C65B26FD174AB0F4A1FF797669ED006442358'}, 'application': {'application_id': '3D9D48A5529C8EF76797F9F60B4D66DCA62C8674A5E2A2147CE9F84B9295DEA1'}, 'new': False}, 'request': {'command': 'меню', 'original_utterance': 'Меню', 'nlu': {'tokens': ['меню'], 'entities': [], 'intents': {}}, 'markup': {'dangerous_context': False}, 'type': 'SimpleUtterance'}, 'state': {'session': {}, 'user': {'nick': 'bob#4664'}}, 'version': '1.0'}
2020-05-25 06:36:15,195 root 

2020-05-25 06:36:15,195 root RESPONSE: {'meta': {'locale': 'ru-RU', 'timezone': 'Europe/Moscow', 'client_id': 'ru.yandex.mobile/3100 (Apple iPhone; iphone 13.4.1)', 'interfaces': {'screen': {}, 'payments': {}, 'account_linking': {}}}, 'session': {'message_id': 2, 'session_id': 'b998d1aa-e8df-475c-abe3-246e8af15ab1', 'skill_id': '89bfd29f-f269-440c-9bb5-8a16ee77cbce', 'user_id': '3D9D48A5529C8EF76797F9F60B4D66DCA62C8674A5E2A2147CE9F84B9295DEA1', 'user': {'user_id': '9AB40E2B9237C61EDE3A0703760C65B26FD174AB0F4A1FF797669ED006442358'}, 'application': {'application_id': '3D9D48A5529C8EF76797F9F60B4D66DCA62C8674A5E2A2147CE9F84B9295DEA1'}, 'new': False}, 'request': {'command': 'меню', 'original_utterance': 'Меню', 'nlu': {'tokens': ['меню'], 'entities': [], 'intents': {}}, 'markup': {'dangerous_context': False}, 'type': 'SimpleUtterance'}, 'state': {'session': {}, 'user': {'nick': 'bob#4664'}}, 'version': '1.0'}
2020-05-25 06:36:15,195 root 


2020-05-25 06:36:15,195 werkzeug 172.18.0.1 - - [25/May/2020 06:36:15] "[37mPOST /post HTTP/1.1[0m" 200 -
2020-05-25 06:36:15,441 root REQUEST: {'meta': {'locale': 'ru-RU', 'timezone': 'UTC', 'client_id': 'ru.yandex.searchplugin/7.16 (none none; android 4.4.2)', 'interfaces': {'screen': {}, 'payments': {}, 'account_linking': {}}}, 'session': {'message_id': 0, 'session_id': '8796e5a0-fcff-48eb-af5f-f31073c3df5c', 'skill_id': '89bfd29f-f269-440c-9bb5-8a16ee77cbce', 'user_id': '6ECCB8E47BAE706314842D45064281FD48A47E42C205C6F6072ED24FA2955415', 'application': {'application_id': '6ECCB8E47BAE706314842D45064281FD48A47E42C205C6F6072ED24FA2955415'}, 'new': True}, 'request': {'command': 'ping', 'original_utterance': 'ping', 'nlu': {'tokens': [], 'entities': [], 'intents': {}}, 'markup': {'dangerous_context': False}, 'type': 'SimpleUtterance'}, 'version': '1.0'}
2020-05-25 06:36:15,442 root 

2020-05-25 06:36:15,443 root RESPONSE: {'meta': {'locale': 'ru-RU', 'timezone': 'UTC', 'client_id': 'ru.yandex.searchplugin/7.16 (none none; android 4.4.2)', 'interfaces': {'screen': {}, 'payments': {}, 'account_linking': {}}}, 'session': {'message_id': 0, 'session_id': '8796e5a0-fcff-48eb-af5f-f31073c3df5c', 'skill_id': '89bfd29f-f269-440c-9bb5-8a16ee77cbce', 'user_id': '6ECCB8E47BAE706314842D45064281FD48A47E42C205C6F6072ED24FA2955415', 'application': {'application_id': '6ECCB8E47BAE706314842D45064281FD48A47E42C205C6F6072ED24FA2955415'}, 'new': True}, 'request': {'command': 'ping', 'original_utterance': 'ping', 'nlu': {'tokens': [], 'entities': [], 'intents': {}}, 'markup': {'dangerous_context': False}, 'type': 'SimpleUtterance'}, 'version': '1.0'}
2020-05-25 06:36:15,443 root 


2020-05-25 06:36:15,444 werkzeug 172.18.0.1 - - [25/May/2020 06:36:15] "[37mPOST /post HTTP/1.1[0m" 200 -
2020-05-25 06:36:16,694 root REQUEST: {'meta': {'locale': 'ru-RU', 'timezone': 'Europe/Moscow', 'client_id': 'ru.yandex.mobile/3100 (Apple iPhone; iphone 13.4.1)', 'interfaces': {'screen': {}, 'payments': {}, 'account_linking': {}}}, 'session': {'message_id': 3, 'session_id': 'b998d1aa-e8df-475c-abe3-246e8af15ab1', 'skill_id': '89bfd29f-f269-440c-9bb5-8a16ee77cbce', 'user_id': '3D9D48A5529C8EF76797F9F60B4D66DCA62C8674A5E2A2147CE9F84B9295DEA1', 'user': {'user_id': '9AB40E2B9237C61EDE3A0703760C65B26FD174AB0F4A1FF797669ED006442358'}, 'application': {'application_id': '3D9D48A5529C8EF76797F9F60B4D66DCA62C8674A5E2A2147CE9F84B9295DEA1'}, 'new': False}, 'request': {'command': 'закрыть навык', 'original_utterance': 'Закрыть навык ❌', 'nlu': {'tokens': ['закрыть', 'навык'], 'entities': [], 'intents': {}}, 'markup': {'dangerous_context': False}, 'type': 'SimpleUtterance'}, 'state': {'session': {}, 'user': {'nick': 'bob#4664'}}, 'version': '1.0'}
2020-05-25 06:36:16,694 root 

2020-05-25 06:36:16,728 root RESPONSE: {'meta': {'locale': 'ru-RU', 'timezone': 'Europe/Moscow', 'client_id': 'ru.yandex.mobile/3100 (Apple iPhone; iphone 13.4.1)', 'interfaces': {'screen': {}, 'payments': {}, 'account_linking': {}}}, 'session': {'message_id': 3, 'session_id': 'b998d1aa-e8df-475c-abe3-246e8af15ab1', 'skill_id': '89bfd29f-f269-440c-9bb5-8a16ee77cbce', 'user_id': '3D9D48A5529C8EF76797F9F60B4D66DCA62C8674A5E2A2147CE9F84B9295DEA1', 'user': {'user_id': '9AB40E2B9237C61EDE3A0703760C65B26FD174AB0F4A1FF797669ED006442358'}, 'application': {'application_id': '3D9D48A5529C8EF76797F9F60B4D66DCA62C8674A5E2A2147CE9F84B9295DEA1'}, 'new': False}, 'request': {'command': 'закрыть навык', 'original_utterance': 'Закрыть навык ❌', 'nlu': {'tokens': ['закрыть', 'навык'], 'entities': [], 'intents': {}}, 'markup': {'dangerous_context': False}, 'type': 'SimpleUtterance'}, 'state': {'session': {}, 'user': {'nick': 'bob#4664'}}, 'version': '1.0'}
2020-05-25 06:36:16,728 root 


2020-05-25 06:36:16,728 werkzeug 172.18.0.1 - - [25/May/2020 06:36:16] "[37mPOST /post HTTP/1.1[0m" 200 -
2020-05-25 06:36:28,997 root REQUEST: {'meta': {'locale': 'ru-RU', 'timezone': 'UTC', 'client_id': 'ru.yandex.searchplugin/7.16 (none none; android 4.4.2)', 'interfaces': {'screen': {}, 'payments': {}, 'account_linking': {}}}, 'session': {'message_id': 0, 'session_id': '074d8c02-1247-4852-a661-9b78c0390a86', 'skill_id': '89bfd29f-f269-440c-9bb5-8a16ee77cbce', 'user_id': '6ECCB8E47BAE706314842D45064281FD48A47E42C205C6F6072ED24FA2955415', 'application': {'application_id': '6ECCB8E47BAE706314842D45064281FD48A47E42C205C6F6072ED24FA2955415'}, 'new': True}, 'request': {'command': 'ping', 'original_utterance': 'ping', 'nlu': {'tokens': [], 'entities': [], 'intents': {}}, 'markup': {'dangerous_context': False}, 'type': 'SimpleUtterance'}, 'version': '1.0'}
2020-05-25 06:36:28,997 root 

2020-05-25 06:36:28,999 root RESPONSE: {'meta': {'locale': 'ru-RU', 'timezone': 'UTC', 'client_id': 'ru.yandex.searchplugin/7.16 (none none; android 4.4.2)', 'interfaces': {'screen': {}, 'payments': {}, 'account_linking': {}}}, 'session': {'message_id': 0, 'session_id': '074d8c02-1247-4852-a661-9b78c0390a86', 'skill_id': '89bfd29f-f269-440c-9bb5-8a16ee77cbce', 'user_id': '6ECCB8E47BAE706314842D45064281FD48A47E42C205C6F6072ED24FA2955415', 'application': {'application_id': '6ECCB8E47BAE706314842D45064281FD48A47E42C205C6F6072ED24FA2955415'}, 'new': True}, 'request': {'command': 'ping', 'original_utterance': 'ping', 'nlu': {'tokens': [], 'entities': [], 'intents': {}}, 'markup': {'dangerous_context': False}, 'type': 'SimpleUtterance'}, 'version': '1.0'}
2020-05-25 06:36:29,000 root 


2020-05-25 06:36:29,000 werkzeug 172.18.0.1 - - [25/May/2020 06:36:29] "[37mPOST /post HTTP/1.1[0m" 200 -
2020-05-25 06:37:35,414 root REQUEST: {'meta': {'locale': 'ru-RU', 'timezone': 'UTC', 'client_id': 'ru.yandex.searchplugin/7.16 (none none; android 4.4.2)', 'interfaces': {'screen': {}, 'payments': {}, 'account_linking': {}}}, 'session': {'message_id': 0, 'session_id': 'a905e4a0-cb7e-40ea-ae6f-27a6bfb698ef', 'skill_id': '89bfd29f-f269-440c-9bb5-8a16ee77cbce', 'user_id': '6ECCB8E47BAE706314842D45064281FD48A47E42C205C6F6072ED24FA2955415', 'application': {'application_id': '6ECCB8E47BAE706314842D45064281FD48A47E42C205C6F6072ED24FA2955415'}, 'new': True}, 'request': {'command': 'ping', 'original_utterance': 'ping', 'nlu': {'tokens': [], 'entities': [], 'intents': {}}, 'markup': {'dangerous_context': False}, 'type': 'SimpleUtterance'}, 'version': '1.0'}
2020-05-25 06:37:35,414 root 

2020-05-25 06:37:35,416 root RESPONSE: {'meta': {'locale': 'ru-RU', 'timezone': 'UTC', 'client_id': 'ru.yandex.searchplugin/7.16 (none none; android 4.4.2)', 'interfaces': {'screen': {}, 'payments': {}, 'account_linking': {}}}, 'session': {'message_id': 0, 'session_id': 'a905e4a0-cb7e-40ea-ae6f-27a6bfb698ef', 'skill_id': '89bfd29f-f269-440c-9bb5-8a16ee77cbce', 'user_id': '6ECCB8E47BAE706314842D45064281FD48A47E42C205C6F6072ED24FA2955415', 'application': {'application_id': '6ECCB8E47BAE706314842D45064281FD48A47E42C205C6F6072ED24FA2955415'}, 'new': True}, 'request': {'command': 'ping', 'original_utterance': 'ping', 'nlu': {'tokens': [], 'entities': [], 'intents': {}}, 'markup': {'dangerous_context': False}, 'type': 'SimpleUtterance'}, 'version': '1.0'}
2020-05-25 06:37:35,416 root 


2020-05-25 06:37:35,417 werkzeug 172.18.0.1 - - [25/May/2020 06:37:35] "[37mPOST /post HTTP/1.1[0m" 200 -
